[19 Jan 2018 16:01:52] [User Id:  | IP: ]
[INFO] o.n.a.AranidhiApplication| Starting AranidhiApplication on Aadhavan-PC with PID 7800 (D:\EBIDRIVE\Softwarelab\workouts\j2ee\workspace3a\Aranidhi\target\classes started by admin in D:\EBIDRIVE\Softwarelab\workouts\j2ee\workspace3a\Aranidhi)
[19 Jan 2018 16:01:52] [User Id:  | IP: ]
[DEBUG] o.n.a.AranidhiApplication| Running with Spring Boot v1.5.4.RELEASE, Spring v4.3.9.RELEASE
[19 Jan 2018 16:01:52] [User Id:  | IP: ]
[INFO] o.n.a.AranidhiApplication| No active profile set, falling back to default profiles: default
[19 Jan 2018 16:01:55] [User Id:  | IP: ]
[INFO] o.s.b.c.e.AnnotationConfigEmbeddedWebApplicationContext| Refreshing org.springframework.boot.context.embedded.AnnotationConfigEmbeddedWebApplicationContext@6c6cb480: startup date [Fri Jan 19 16:01:55 IST 2018]; root of context hierarchy
[19 Jan 2018 16:02:00] [User Id:  | IP: ]
[INFO] o.s.b.f.a.AutowiredAnnotationBeanPostProcessor| JSR-330 'javax.inject.Inject' annotation found and supported for autowiring
[19 Jan 2018 16:02:03] [User Id:  | IP: ]
[WARN] o.s.b.c.e.AnnotationConfigEmbeddedWebApplicationContext| Exception encountered during context initialization - cancelling refresh attempt: org.springframework.context.ApplicationContextException: Unable to start embedded container; nested exception is org.springframework.context.ApplicationContextException: Unable to start EmbeddedWebApplicationContext due to missing EmbeddedServletContainerFactory bean.
[19 Jan 2018 16:02:03] [User Id:  | IP: ]
[INFO] o.s.b.a.l.AutoConfigurationReportLoggingInitializer| 

Error starting ApplicationContext. To display the auto-configuration report re-run your application with 'debug' enabled.
[19 Jan 2018 16:02:03] [User Id:  | IP: ]
[ERROR] o.s.b.SpringApplication| Application startup failed
org.springframework.context.ApplicationContextException: Unable to start embedded container; nested exception is org.springframework.context.ApplicationContextException: Unable to start EmbeddedWebApplicationContext due to missing EmbeddedServletContainerFactory bean.
	at org.springframework.boot.context.embedded.EmbeddedWebApplicationContext.onRefresh(EmbeddedWebApplicationContext.java:137)
	at org.springframework.context.support.AbstractApplicationContext.refresh(AbstractApplicationContext.java:537)
	at org.springframework.boot.context.embedded.EmbeddedWebApplicationContext.refresh(EmbeddedWebApplicationContext.java:122)
	at org.springframework.boot.SpringApplication.refresh(SpringApplication.java:693)
	at org.springframework.boot.SpringApplication.refreshContext(SpringApplication.java:360)
	at org.springframework.boot.SpringApplication.run(SpringApplication.java:303)
	at org.springframework.boot.SpringApplication.run(SpringApplication.java:1118)
	at org.springframework.boot.SpringApplication.run(SpringApplication.java:1107)
	at org.nikithra.aranidhi.AranidhiApplication.main(AranidhiApplication.java:42)
Caused by: org.springframework.context.ApplicationContextException: Unable to start EmbeddedWebApplicationContext due to missing EmbeddedServletContainerFactory bean.
	at org.springframework.boot.context.embedded.EmbeddedWebApplicationContext.getEmbeddedServletContainerFactory(EmbeddedWebApplicationContext.java:189)
	at org.springframework.boot.context.embedded.EmbeddedWebApplicationContext.createEmbeddedServletContainer(EmbeddedWebApplicationContext.java:162)
	at org.springframework.boot.context.embedded.EmbeddedWebApplicationContext.onRefresh(EmbeddedWebApplicationContext.java:134)
	... 8 common frames omitted
